0 info it worked if it ends with ok
1 verbose cli [ 'C:\\Program Files\\nodejs\\node.exe',
1 verbose cli   'C:\\Program Files\\nodejs\\node_modules\\npm\\bin\\npm-cli.js',
1 verbose cli   'run',
1 verbose cli   'client' ]
2 info using npm@3.10.10
3 info using node@v6.11.1
4 verbose run-script [ 'preclient', 'client', 'postclient' ]
5 info lifecycle kuche@1.0.0~preclient: kuche@1.0.0
6 silly lifecycle kuche@1.0.0~preclient: no script for preclient, continuing
7 info lifecycle kuche@1.0.0~client: kuche@1.0.0
8 verbose lifecycle kuche@1.0.0~client: unsafe-perm in lifecycle true
9 verbose lifecycle kuche@1.0.0~client: PATH: C:\Program Files\nodejs\node_modules\npm\bin\node-gyp-bin;C:\Users\batpa\Desktop\Bootcamp\Group Projects\Kuche\node_modules\.bin;C:\Users\batpa\Desktop\Bootcamp\Group Projects\Kuche\node_modules\.bin;C:\Users\batpa\AppData\Local\Yarn\config\link\node_modules\.bin;C:\Users\batpa\Desktop\Bootcamp\Group Projects\Kuche\node_modules\.bin;C:\Users\batpa\AppData\Local\Yarn\config\link\node_modules\.bin;C:\Users\batpa\AppData\Local\Yarn\bin;C:\Program Files\lib\node_modules\npm\bin\node-gyp-bin;C:\Program Files\nodejs\node_modules\npm\bin\node-gyp-bin;C:\Users\batpa\bin;C:\Program Files\Git\mingw64\bin;C:\Program Files\Git\usr\local\bin;C:\Program Files\Git\usr\bin;C:\Program Files\Git\usr\bin;C:\Program Files\Git\mingw64\bin;C:\Program Files\Git\usr\bin;C:\Users\batpa\bin;C:\Program Files (x86)\Java\jdk1.8.0_151\bin;C:\Program Files (x86)\NVIDIA Corporation\PhysX\Common;C:\WINDOWS\system32;C:\WINDOWS;C:\WINDOWS\System32\Wbem;C:\WINDOWS\System32\WindowsPowerShell\v1.0;C:\Program Files\Git\cmd;C:\Program Files\nodejs;C:\Program Files\MongoDB\Server\3.4\bin;C:\Users\batpa\AppData\Local\Microsoft\WindowsApps;C:\Program Files\Heroku\bin;C:\Users\batpa\AppData\Roaming\npm;C:\Users\batpa\AppData\Local\atom\bin;C:\Program Files\Microsoft VS Code\bin;C:\Users\batpa\AppData\Local\GitHubDesktop\bin;C:\Program Files\MongoDB\Server\3.4\bin;C:\Users\batpa\AppData\Local\Microsoft\WindowsApps;C:\Program Files\Git\usr\bin\vendor_perl;C:\Program Files\Git\usr\bin\core_perl
10 verbose lifecycle kuche@1.0.0~client: CWD: C:\Users\batpa\Desktop\Bootcamp\Group Projects\Kuche
11 silly lifecycle kuche@1.0.0~client: Args: [ '/d /s /c', 'node scripts/start-client.js' ]
12 verbose stack Error: kill ENOSYS
12 verbose stack     at exports._errnoException (util.js:1018:11)
12 verbose stack     at process.kill (internal/process.js:190:13)
12 verbose stack     at process.listener (C:\Program Files\nodejs\node_modules\npm\node_modules\npmlog\node_modules\gauge\node_modules\signal-exit\index.js:86:15)
12 verbose stack     at emitNone (events.js:91:20)
12 verbose stack     at process.emit (events.js:185:7)
12 verbose stack     at processEmit (C:\Program Files\nodejs\node_modules\npm\node_modules\npmlog\node_modules\gauge\node_modules\signal-exit\index.js:146:32)
12 verbose stack     at processEmit (C:\Program Files\nodejs\node_modules\npm\node_modules\npm-registry-client\node_modules\npmlog\node_modules\gauge\node_modules\signal-exit\index.js:146:32)
12 verbose stack     at Signal.wrap.onsignal (internal/process.js:217:44)
13 verbose cwd C:\Users\batpa\Desktop\Bootcamp\Group Projects\Kuche
14 error Windows_NT 10.0.16299
15 error argv "C:\\Program Files\\nodejs\\node.exe" "C:\\Program Files\\nodejs\\node_modules\\npm\\bin\\npm-cli.js" "run" "client"
16 error node v6.11.1
17 error npm  v3.10.10
18 error code ENOSYS
19 error errno ENOSYS
20 error syscall kill
21 error kill ENOSYS
22 error If you need help, you may report this error at:
22 error     <https://github.com/npm/npm/issues>
23 verbose exit [ 1, true ]
